Sun Dec 03 21:51:54 GMT 2017 : Apache Derby Network Server - 10.11.1.2 - (1629631) started and ready to accept connections on port 1527
----------------------------------------------------------------
Sun Dec 03 21:51:54 GMT 2017:
Booting Derby version The Apache Software Foundation - Apache Derby - 10.11.1.2 - (1629631): instance a816c00e-0160-1e5d-3958-00003360e420 
on database directory C:\Users\User\Documents\GitHub\JFL-Management-Application\jflDB with class loader sun.misc.Launcher$AppClassLoader@144bcfa 
Loaded from file:/C:/Program%20Files%20(x86)/Java/jdk1.8.0_151/db/lib/derby.jar
java.vendor=Oracle Corporation
java.runtime.version=1.8.0_151-b12
user.dir=C:\Program Files (x86)\Java\jdk1.8.0_151\db
os.name=Windows 10
os.arch=x86
os.version=10.0
derby.system.home=C:\Users\User\Documents\GitHub\JFL-Management-Application
Database Class Loader started - derby.database.classpath=''
----------------------------------------------------------------
Sun Dec 03 21:52:00 GMT 2017:
Shutting down instance a816c00e-0160-1e5d-3958-00003360e420 on database directory C:\Users\User\Documents\GitHub\JFL-Management-Application\jflDB with class loader sun.misc.Launcher$AppClassLoader@144bcfa 
Sun Dec 03 21:52:00 GMT 2017 Thread[DRDAConnThread_2,5,main] (DATABASE = jflDB), (DRDAID = {2}), Database 'jflDB' shutdown.
----------------------------------------------------------------
Sun Dec 03 21:52:14 GMT 2017:
Booting Derby version The Apache Software Foundation - Apache Derby - 10.11.1.2 - (1629631): instance a65c80ac-0160-1e5d-3958-00003360e420 
on database directory C:\Users\User\Documents\GitHub\JFL-Management-Application\jflDB with class loader sun.misc.Launcher$AppClassLoader@144bcfa 
Loaded from file:/C:/Program%20Files%20(x86)/Java/jdk1.8.0_151/db/lib/derby.jar
java.vendor=Oracle Corporation
java.runtime.version=1.8.0_151-b12
user.dir=C:\Program Files (x86)\Java\jdk1.8.0_151\db
os.name=Windows 10
os.arch=x86
os.version=10.0
derby.system.home=C:\Users\User\Documents\GitHub\JFL-Management-Application
Database Class Loader started - derby.database.classpath=''
